[1030/171535.168:WARNING:policy_logger.cc(148)] :components\enterprise\browser\controller\chrome_browser_cloud_management_controller.cc(88) Could not create policy manager as CBCM is not enabled.
[1030/171541.489:WARNING:browser_info.cc(309)] Returning a speculative frame for 25769803781 [6,5]
[1030/171543.085:WARNING:browser_info.cc(309)] Returning a speculative frame for 25769803781 [6,5]
[1030/171543.085:WARNING:browser_info.cc(309)] Returning a speculative frame for 25769803781 [6,5]
[1030/171543.085:WARNING:browser_info.cc(309)] Returning a speculative frame for 25769803781 [6,5]
[1030/171543.086:WARNING:browser_info.cc(309)] Returning a speculative frame for 25769803781 [6,5]
[1030/171609.440:INFO:CONSOLE(367)] "Mixed Content: The page at 'https://www.google.com/maps?ll=47.62068,-122.348196&z=15&t=m&hl=en-US&gl=US&mapclient=embed&cid=15792901685599310349' was loaded over HTTPS, but requested an insecure element 'http://t0.gstatic.com/images?q=tbn:ANd9GcSmmrWQD2XWOaRpCPt4lbZEaeVQyShtek8y0wXp3P_T35Q&s=4'. This request was automatically upgraded to HTTPS, For more information see https://blog.chromium.org/2019/10/no-more-mixed-messages-about-https.html", source: https://www.google.com/maps?ll=47.62068,-122.348196&z=15&t=m&hl=en-US&gl=US&mapclient=embed&cid=15792901685599310349 (367)
[1030/171610.505:WARNING:spdy_session.cc(2984)] Received HEADERS for invalid stream 1
[1030/171610.568:WARNING:spdy_session.cc(2984)] Received HEADERS for invalid stream 23
[1030/171610.568:WARNING:spdy_session.cc(2984)] Received HEADERS for invalid stream 25
[1030/171610.568:WARNING:spdy_session.cc(2984)] Received HEADERS for invalid stream 21
[1030/171610.626:WARNING:spdy_session.cc(2984)] Received HEADERS for invalid stream 27
[1030/171610.646:WARNING:spdy_session.cc(2984)] Received HEADERS for invalid stream 19
[1030/171610.693:WARNING:spdy_session.cc(2984)] Received HEADERS for invalid stream 13
[1030/171610.810:WARNING:spdy_session.cc(2984)] Received HEADERS for invalid stream 41
[1030/171610.844:WARNING:spdy_session.cc(2984)] Received HEADERS for invalid stream 43
[1030/171610.863:WARNING:spdy_session.cc(2984)] Received HEADERS for invalid stream 39
[1030/171610.888:WARNING:spdy_session.cc(2984)] Received HEADERS for invalid stream 29
[1030/171610.895:WARNING:spdy_session.cc(2984)] Received HEADERS for invalid stream 3
[1030/171610.942:WARNING:spdy_session.cc(2984)] Received HEADERS for invalid stream 49
[1030/171610.965:WARNING:spdy_session.cc(2984)] Received HEADERS for invalid stream 47
[1030/171610.982:WARNING:spdy_session.cc(2984)] Received HEADERS for invalid stream 51
[1030/171611.033:WARNING:spdy_session.cc(2984)] Received HEADERS for invalid stream 45
[1030/171611.051:WARNING:spdy_session.cc(2984)] Received HEADERS for invalid stream 31
[1030/171611.070:WARNING:spdy_session.cc(2984)] Received HEADERS for invalid stream 33
[1030/171611.098:WARNING:spdy_session.cc(2984)] Received HEADERS for invalid stream 37
[1030/171611.124:WARNING:spdy_session.cc(2984)] Received HEADERS for invalid stream 35
[1030/171611.146:WARNING:spdy_session.cc(2984)] Received HEADERS for invalid stream 53
[1030/171611.150:WARNING:spdy_session.cc(2984)] Received HEADERS for invalid stream 11
[1030/171611.212:WARNING:spdy_session.cc(2984)] Received HEADERS for invalid stream 9
[1030/171612.973:INFO:CONSOLE(367)] "Mixed Content: The page at 'https://www.google.com/maps?ll=47.62068,-122.348196&z=15&t=m&hl=en-US&gl=US&mapclient=embed&cid=15792901685599310349' was loaded over HTTPS, but requested an insecure element 'http://t0.gstatic.com/images?q=tbn:ANd9GcSmmrWQD2XWOaRpCPt4lbZEaeVQyShtek8y0wXp3P_T35Q&s=4'. This request was automatically upgraded to HTTPS, For more information see https://blog.chromium.org/2019/10/no-more-mixed-messages-about-https.html", source: https://www.google.com/maps?ll=47.62068,-122.348196&z=15&t=m&hl=en-US&gl=US&mapclient=embed&cid=15792901685599310349 (367)
[1030/171614.053:INFO:CONSOLE(0)] "Autofocus processing was blocked because a document already has a focused element.", source: https://www.google.com/maps?ll=47.62068,-122.348196&z=15&t=m&hl=en-US&gl=US&mapclient=embed&cid=15792901685599310349 (0)
[1030/200734.339:WARNING:policy_logger.cc(148)] :components\enterprise\browser\controller\chrome_browser_cloud_management_controller.cc(88) Could not create policy manager as CBCM is not enabled.
[1030/200825.519:WARNING:policy_logger.cc(148)] :components\enterprise\browser\controller\chrome_browser_cloud_management_controller.cc(88) Could not create policy manager as CBCM is not enabled.
[1030/200907.104:WARNING:policy_logger.cc(148)] :components\enterprise\browser\controller\chrome_browser_cloud_management_controller.cc(88) Could not create policy manager as CBCM is not enabled.
[1030/200914.027:WARNING:browser_info.cc(309)] Returning a speculative frame for 25769803781 [6,5]
[1030/200914.127:WARNING:browser_info.cc(309)] Returning a speculative frame for 25769803781 [6,5]
[1030/200914.127:WARNING:browser_info.cc(309)] Returning a speculative frame for 25769803781 [6,5]
[1030/200914.127:WARNING:browser_info.cc(309)] Returning a speculative frame for 25769803781 [6,5]
[1030/200914.127:WARNING:browser_info.cc(309)] Returning a speculative frame for 25769803781 [6,5]
